2023-08-29T22:56:52.946-05:00  INFO 60064 --- [restartedMain] me.sathish.Account_Mgmnt_Application     : Starting Account_Mgmnt_Application using Java 17.0.3 with PID 60064 (/Volumes/MacProHD/intellijworkspaces/sathishmicroservicessampler/sathish_account_mngmnt/target/classes started by skminfotech in /Volumes/MacProHD/intellijworkspaces/sathishmicroservicessampler)
2023-08-29T22:56:52.952-05:00 DEBUG 60064 --- [restartedMain] me.sathish.Account_Mgmnt_Application     : Running with Spring Boot v3.0.5, Spring v6.0.7
2023-08-29T22:56:52.953-05:00  INFO 60064 --- [restartedMain] me.sathish.Account_Mgmnt_Application     : The following 1 profile is active: "local"
2023-08-29T22:56:53.049-05:00  INFO 60064 --- [restartedMain] .e.DevToolsPropertyDefaultsPostProcessor : Devtools property defaults active! Set 'spring.devtools.add-properties' to 'false' to disable
2023-08-29T22:56:54.456-05:00  INFO 60064 --- [restartedMain] .s.d.r.c.RepositoryConfigurationDelegate : Bootstrapping Spring Data JPA repositories in DEFERRED mode.
2023-08-29T22:56:54.650-05:00  INFO 60064 --- [restartedMain] .s.d.r.c.RepositoryConfigurationDelegate : Finished Spring Data repository scanning in 184 ms. Found 1 JPA repository interfaces.
2023-08-29T22:56:54.881-05:00  INFO 60064 --- [restartedMain] o.s.cloud.context.scope.GenericScope     : BeanFactory id=4d95aa46-cbfc-3b12-9afb-003c0e96efaa
2023-08-29T22:56:55.865-05:00  INFO 60064 --- [restartedMain] o.s.b.w.embedded.tomcat.TomcatWebServer  : Tomcat initialized with port(s): 0 (http)
2023-08-29T22:56:55.876-05:00  INFO 60064 --- [restartedMain] o.apache.catalina.core.StandardService   : Starting service [Tomcat]
2023-08-29T22:56:55.876-05:00  INFO 60064 --- [restartedMain] o.apache.catalina.core.StandardEngine    : Starting Servlet engine: [Apache Tomcat/10.1.7]
2023-08-29T22:56:55.951-05:00  INFO 60064 --- [restartedMain] o.a.c.c.C.[Tomcat].[localhost].[/]       : Initializing Spring embedded WebApplicationContext
2023-08-29T22:56:55.952-05:00  INFO 60064 --- [restartedMain] w.s.c.ServletWebServerApplicationContext : Root WebApplicationContext: initialization completed in 2901 ms
2023-08-29T22:56:56.109-05:00  INFO 60064 --- [restartedMain] com.zaxxer.hikari.HikariDataSource       : HikariPool-1 - Starting...
2023-08-29T22:56:56.208-05:00  INFO 60064 --- [restartedMain] com.zaxxer.hikari.pool.HikariPool        : HikariPool-1 - Added connection org.postgresql.jdbc.PgConnection@5e6854a6
2023-08-29T22:56:56.210-05:00  INFO 60064 --- [restartedMain] com.zaxxer.hikari.HikariDataSource       : HikariPool-1 - Start completed.
2023-08-29T22:56:56.222-05:00  INFO 60064 --- [restartedMain] o.s.b.a.h2.H2ConsoleAutoConfiguration    : H2 console available at '/h2-console'. Database available at 'jdbc:postgresql://localhost:5432/skminfotech'
2023-08-29T22:56:56.548-05:00  INFO 60064 --- [task-1] o.hibernate.jpa.internal.util.LogHelper  : HHH000204: Processing PersistenceUnitInfo [name: default]
2023-08-29T22:56:56.611-05:00  INFO 60064 --- [task-1] org.hibernate.Version                    : HHH000412: Hibernate ORM core version 6.1.7.Final
2023-08-29T22:56:56.997-05:00  INFO 60064 --- [task-1] SQL dialect                              : HHH000400: Using dialect: org.hibernate.dialect.PostgreSQLDialect
2023-08-29T22:56:58.118-05:00  INFO 60064 --- [task-1] org.hibernate.orm.connections.access     : HHH10001501: Connection obtained from JdbcConnectionAccess [org.hibernate.engine.jdbc.env.internal.JdbcEnvironmentInitiator$ConnectionProviderJdbcConnectionAccess@eb6830f] for (non-JTA) DDL execution was not in auto-commit mode; the Connection 'local transaction' will be committed and the Connection will be set into auto-commit mode.
2023-08-29T22:56:58.143-05:00  INFO 60064 --- [task-1] o.h.e.t.j.p.i.JtaPlatformInitiator       : HHH000490: Using JtaPlatform implementation: [org.hibernate.engine.transaction.jta.platform.internal.NoJtaPlatform]
2023-08-29T22:56:58.158-05:00  INFO 60064 --- [task-1] j.LocalContainerEntityManagerFactoryBean : Initialized JPA EntityManagerFactory for persistence unit 'default'
2023-08-29T22:56:58.435-05:00  INFO 60064 --- [restartedMain] o.s.b.d.a.OptionalLiveReloadServer       : LiveReload server is running on port 35729
2023-08-29T22:56:58.464-05:00  INFO 60064 --- [restartedMain] DiscoveryClientOptionalArgsConfiguration : Eureka HTTP Client uses RestTemplate.
2023-08-29T22:56:58.550-05:00  WARN 60064 --- [restartedMain] iguration$LoadBalancerCaffeineWarnLogger : Spring Cloud LoadBalancer is currently working with the default cache. While this cache implementation is useful for development and tests, it's recommended to use Caffeine cache in production.You can switch to using Caffeine cache, by adding it and org.springframework.cache.caffeine.CaffeineCacheManager to the classpath.
2023-08-29T22:56:58.570-05:00  INFO 60064 --- [restartedMain] o.s.b.a.e.web.EndpointLinksResolver      : Exposing 7 endpoint(s) beneath base path '/actuator'
2023-08-29T22:56:58.725-05:00  INFO 60064 --- [restartedMain] o.s.b.w.embedded.tomcat.TomcatWebServer  : Tomcat started on port(s): 60675 (http) with context path ''
2023-08-29T22:56:58.727-05:00  INFO 60064 --- [restartedMain] .s.c.n.e.s.EurekaAutoServiceRegistration : Updating port to 60675
2023-08-29T22:56:58.735-05:00  INFO 60064 --- [restartedMain] o.s.c.n.eureka.InstanceInfoFactory       : Setting initial instance status as: STARTING
2023-08-29T22:56:58.794-05:00  INFO 60064 --- [restartedMain] com.netflix.discovery.DiscoveryClient    : Initializing Eureka in region us-east-1
2023-08-29T22:56:58.805-05:00  INFO 60064 --- [restartedMain] c.n.d.s.r.aws.ConfigClusterResolver      : Resolving eureka endpoints via configuration
2023-08-29T22:56:58.838-05:00  INFO 60064 --- [restartedMain] com.netflix.discovery.DiscoveryClient    : Disable delta property : false
2023-08-29T22:56:58.839-05:00  INFO 60064 --- [restartedMain] com.netflix.discovery.DiscoveryClient    : Single vip registry refresh property : null
2023-08-29T22:56:58.839-05:00  INFO 60064 --- [restartedMain] com.netflix.discovery.DiscoveryClient    : Force full registry fetch : false
2023-08-29T22:56:58.839-05:00  INFO 60064 --- [restartedMain] com.netflix.discovery.DiscoveryClient    : Application is null : false
2023-08-29T22:56:58.839-05:00  INFO 60064 --- [restartedMain] com.netflix.discovery.DiscoveryClient    : Registered Applications size is zero : true
2023-08-29T22:56:58.839-05:00  INFO 60064 --- [restartedMain] com.netflix.discovery.DiscoveryClient    : Application version is -1: true
2023-08-29T22:56:58.839-05:00  INFO 60064 --- [restartedMain] com.netflix.discovery.DiscoveryClient    : Getting all instance registry info from the eureka server
2023-08-29T22:56:59.229-05:00  INFO 60064 --- [restartedMain] com.netflix.discovery.DiscoveryClient    : The response status is 200
2023-08-29T22:56:59.232-05:00  INFO 60064 --- [restartedMain] com.netflix.discovery.DiscoveryClient    : Starting heartbeat executor: renew interval is: 30
2023-08-29T22:56:59.234-05:00  INFO 60064 --- [restartedMain] c.n.discovery.InstanceInfoReplicator     : InstanceInfoReplicator onDemand update allowed rate per min is 4
2023-08-29T22:56:59.239-05:00  INFO 60064 --- [restartedMain] com.netflix.discovery.DiscoveryClient    : Discovery Client initialized at timestamp 1693367819238 with initial instances count: 1
2023-08-29T22:56:59.247-05:00  INFO 60064 --- [restartedMain] o.s.c.n.e.s.EurekaServiceRegistry        : Registering application SATHISHACCOUNTMNGMNT with eureka with status UP
2023-08-29T22:56:59.248-05:00  INFO 60064 --- [restartedMain] com.netflix.discovery.DiscoveryClient    : Saw local status change event StatusChangeEvent [timestamp=1693367819247, current=UP, previous=STARTING]
2023-08-29T22:56:59.249-05:00  INFO 60064 --- [DiscoveryClient-InstanceInfoReplicator-0] com.netflix.discovery.DiscoveryClient    : DiscoveryClient_SATHISHACCOUNTMNGMNT/sathishaccountmngmnt:5807a7e31b5acf8cf626df432316259b: registering service...
2023-08-29T22:56:59.253-05:00  INFO 60064 --- [restartedMain] DeferredRepositoryInitializationListener : Triggering deferred initialization of Spring Data repositories…
2023-08-29T22:56:59.287-05:00  INFO 60064 --- [DiscoveryClient-InstanceInfoReplicator-0] com.netflix.discovery.DiscoveryClient    : DiscoveryClient_SATHISHACCOUNTMNGMNT/sathishaccountmngmnt:5807a7e31b5acf8cf626df432316259b - registration status: 204
2023-08-29T22:56:59.490-05:00  INFO 60064 --- [restartedMain] DeferredRepositoryInitializationListener : Spring Data repositories initialized
2023-08-29T22:56:59.510-05:00  INFO 60064 --- [restartedMain] me.sathish.Account_Mgmnt_Application     : Started Account_Mgmnt_Application in 7.384 seconds (process running for 8.654)
2023-08-29T22:56:59.516-05:00  INFO 60064 --- [restartedMain] me.sathish.config.Initializer            : Running Initializer.....
2023-08-29T23:01:58.838-05:00  INFO 60064 --- [AsyncResolver-bootstrap-executor-0] c.n.d.s.r.aws.ConfigClusterResolver      : Resolving eureka endpoints via configuration
2023-08-29T23:06:58.858-05:00  INFO 60064 --- [AsyncResolver-bootstrap-executor-0] c.n.d.s.r.aws.ConfigClusterResolver      : Resolving eureka endpoints via configuration
2023-08-29T23:11:58.864-05:00  INFO 60064 --- [AsyncResolver-bootstrap-executor-0] c.n.d.s.r.aws.ConfigClusterResolver      : Resolving eureka endpoints via configuration
2023-08-29T23:16:58.865-05:00  INFO 60064 --- [AsyncResolver-bootstrap-executor-0] c.n.d.s.r.aws.ConfigClusterResolver      : Resolving eureka endpoints via configuration
