2023-08-29T22:57:15.072-05:00  INFO 60102 --- [restartedMain] me.sathish.Application                   : Starting Application using Java 17.0.3 with PID 60102 (/Volumes/MacProHD/intellijworkspaces/sathishmicroservicessampler/sathish_userservice/target/classes started by skminfotech in /Volumes/MacProHD/intellijworkspaces/sathishmicroservicessampler)
2023-08-29T22:57:15.076-05:00 DEBUG 60102 --- [restartedMain] me.sathish.Application                   : Running with Spring Boot v3.0.5, Spring v6.0.7
2023-08-29T22:57:15.077-05:00  INFO 60102 --- [restartedMain] me.sathish.Application                   : The following 1 profile is active: "local"
2023-08-29T22:57:15.148-05:00  INFO 60102 --- [restartedMain] .e.DevToolsPropertyDefaultsPostProcessor : Devtools property defaults active! Set 'spring.devtools.add-properties' to 'false' to disable
2023-08-29T22:57:16.542-05:00  INFO 60102 --- [restartedMain] .s.d.r.c.RepositoryConfigurationDelegate : Bootstrapping Spring Data JPA repositories in DEFERRED mode.
2023-08-29T22:57:16.741-05:00  INFO 60102 --- [restartedMain] .s.d.r.c.RepositoryConfigurationDelegate : Finished Spring Data repository scanning in 189 ms. Found 1 JPA repository interfaces.
2023-08-29T22:57:16.974-05:00  INFO 60102 --- [restartedMain] o.s.cloud.context.scope.GenericScope     : BeanFactory id=ade26c5f-17d4-3575-903a-bf92d4bfad1d
2023-08-29T22:57:18.006-05:00  INFO 60102 --- [restartedMain] o.s.b.w.embedded.tomcat.TomcatWebServer  : Tomcat initialized with port(s): 0 (http)
2023-08-29T22:57:18.016-05:00  INFO 60102 --- [restartedMain] o.apache.catalina.core.StandardService   : Starting service [Tomcat]
2023-08-29T22:57:18.017-05:00  INFO 60102 --- [restartedMain] o.apache.catalina.core.StandardEngine    : Starting Servlet engine: [Apache Tomcat/10.1.7]
2023-08-29T22:57:18.091-05:00  INFO 60102 --- [restartedMain] o.a.c.c.C.[Tomcat].[localhost].[/]       : Initializing Spring embedded WebApplicationContext
2023-08-29T22:57:18.091-05:00  INFO 60102 --- [restartedMain] w.s.c.ServletWebServerApplicationContext : Root WebApplicationContext: initialization completed in 2942 ms
2023-08-29T22:57:18.295-05:00  INFO 60102 --- [restartedMain] com.zaxxer.hikari.HikariDataSource       : HikariPool-1 - Starting...
2023-08-29T22:57:18.412-05:00  INFO 60102 --- [restartedMain] com.zaxxer.hikari.pool.HikariPool        : HikariPool-1 - Added connection org.postgresql.jdbc.PgConnection@3aefe4a9
2023-08-29T22:57:18.414-05:00  INFO 60102 --- [restartedMain] com.zaxxer.hikari.HikariDataSource       : HikariPool-1 - Start completed.
2023-08-29T22:57:18.426-05:00  INFO 60102 --- [restartedMain] o.s.b.a.h2.H2ConsoleAutoConfiguration    : H2 console available at '/h2-console'. Database available at 'jdbc:postgresql://localhost:5432/skminfotech'
2023-08-29T22:57:18.779-05:00 DEBUG 60102 --- [task-1] j.LocalContainerEntityManagerFactoryBean : Building JPA container EntityManagerFactory for persistence unit 'default'
2023-08-29T22:57:18.803-05:00  INFO 60102 --- [task-1] o.hibernate.jpa.internal.util.LogHelper  : HHH000204: Processing PersistenceUnitInfo [name: default]
2023-08-29T22:57:18.867-05:00  INFO 60102 --- [task-1] org.hibernate.Version                    : HHH000412: Hibernate ORM core version 6.1.7.Final
2023-08-29T22:57:19.274-05:00  INFO 60102 --- [task-1] SQL dialect                              : HHH000400: Using dialect: org.hibernate.dialect.PostgreSQLDialect
2023-08-29T22:57:19.346-05:00  INFO 60102 --- [restartedMain] o.s.b.a.e.web.EndpointLinksResolver      : Exposing 7 endpoint(s) beneath base path '/actuator'
2023-08-29T22:57:20.536-05:00  INFO 60102 --- [task-1] org.hibernate.orm.connections.access     : HHH10001501: Connection obtained from JdbcConnectionAccess [org.hibernate.engine.jdbc.env.internal.JdbcEnvironmentInitiator$ConnectionProviderJdbcConnectionAccess@734e5bfc] for (non-JTA) DDL execution was not in auto-commit mode; the Connection 'local transaction' will be committed and the Connection will be set into auto-commit mode.
2023-08-29T22:57:20.559-05:00  INFO 60102 --- [task-1] o.h.e.t.j.p.i.JtaPlatformInitiator       : HHH000490: Using JtaPlatform implementation: [org.hibernate.engine.transaction.jta.platform.internal.NoJtaPlatform]
2023-08-29T22:57:20.570-05:00  INFO 60102 --- [task-1] j.LocalContainerEntityManagerFactoryBean : Initialized JPA EntityManagerFactory for persistence unit 'default'
2023-08-29T22:57:20.867-05:00  WARN 60102 --- [restartedMain] o.s.b.d.a.OptionalLiveReloadServer       : Unable to start LiveReload server
2023-08-29T22:57:20.898-05:00  INFO 60102 --- [restartedMain] DiscoveryClientOptionalArgsConfiguration : Eureka HTTP Client uses RestTemplate.
2023-08-29T22:57:20.974-05:00  WARN 60102 --- [restartedMain] iguration$LoadBalancerCaffeineWarnLogger : Spring Cloud LoadBalancer is currently working with the default cache. While this cache implementation is useful for development and tests, it's recommended to use Caffeine cache in production.You can switch to using Caffeine cache, by adding it and org.springframework.cache.caffeine.CaffeineCacheManager to the classpath.
2023-08-29T22:57:21.089-05:00  INFO 60102 --- [restartedMain] o.s.b.w.embedded.tomcat.TomcatWebServer  : Tomcat started on port(s): 60717 (http) with context path ''
2023-08-29T22:57:21.092-05:00  INFO 60102 --- [restartedMain] .s.c.n.e.s.EurekaAutoServiceRegistration : Updating port to 60717
2023-08-29T22:57:21.099-05:00  INFO 60102 --- [restartedMain] o.s.c.n.eureka.InstanceInfoFactory       : Setting initial instance status as: STARTING
2023-08-29T22:57:21.137-05:00  INFO 60102 --- [restartedMain] com.netflix.discovery.DiscoveryClient    : Initializing Eureka in region us-east-1
2023-08-29T22:57:21.142-05:00  INFO 60102 --- [restartedMain] c.n.d.s.r.aws.ConfigClusterResolver      : Resolving eureka endpoints via configuration
2023-08-29T22:57:21.188-05:00  INFO 60102 --- [restartedMain] com.netflix.discovery.DiscoveryClient    : Disable delta property : false
2023-08-29T22:57:21.188-05:00  INFO 60102 --- [restartedMain] com.netflix.discovery.DiscoveryClient    : Single vip registry refresh property : null
2023-08-29T22:57:21.188-05:00  INFO 60102 --- [restartedMain] com.netflix.discovery.DiscoveryClient    : Force full registry fetch : false
2023-08-29T22:57:21.188-05:00  INFO 60102 --- [restartedMain] com.netflix.discovery.DiscoveryClient    : Application is null : false
2023-08-29T22:57:21.189-05:00  INFO 60102 --- [restartedMain] com.netflix.discovery.DiscoveryClient    : Registered Applications size is zero : true
2023-08-29T22:57:21.189-05:00  INFO 60102 --- [restartedMain] com.netflix.discovery.DiscoveryClient    : Application version is -1: true
2023-08-29T22:57:21.189-05:00  INFO 60102 --- [restartedMain] com.netflix.discovery.DiscoveryClient    : Getting all instance registry info from the eureka server
2023-08-29T22:57:21.567-05:00  INFO 60102 --- [restartedMain] com.netflix.discovery.DiscoveryClient    : The response status is 200
2023-08-29T22:57:21.570-05:00  INFO 60102 --- [restartedMain] com.netflix.discovery.DiscoveryClient    : Starting heartbeat executor: renew interval is: 30
2023-08-29T22:57:21.573-05:00  INFO 60102 --- [restartedMain] c.n.discovery.InstanceInfoReplicator     : InstanceInfoReplicator onDemand update allowed rate per min is 4
2023-08-29T22:57:21.577-05:00  INFO 60102 --- [restartedMain] com.netflix.discovery.DiscoveryClient    : Discovery Client initialized at timestamp 1693367841576 with initial instances count: 2
2023-08-29T22:57:21.584-05:00  INFO 60102 --- [restartedMain] o.s.c.n.e.s.EurekaServiceRegistry        : Registering application SATHISHUSERSERVICE with eureka with status UP
2023-08-29T22:57:21.585-05:00  INFO 60102 --- [restartedMain] com.netflix.discovery.DiscoveryClient    : Saw local status change event StatusChangeEvent [timestamp=1693367841585, current=UP, previous=STARTING]
2023-08-29T22:57:21.587-05:00  INFO 60102 --- [DiscoveryClient-InstanceInfoReplicator-0] com.netflix.discovery.DiscoveryClient    : DiscoveryClient_SATHISHUSERSERVICE/sathishuserservice:4b4321356a27bed24c11aeb467f8185e: registering service...
2023-08-29T22:57:21.591-05:00  INFO 60102 --- [restartedMain] DeferredRepositoryInitializationListener : Triggering deferred initialization of Spring Data repositories…
2023-08-29T22:57:21.638-05:00  INFO 60102 --- [DiscoveryClient-InstanceInfoReplicator-0] com.netflix.discovery.DiscoveryClient    : DiscoveryClient_SATHISHUSERSERVICE/sathishuserservice:4b4321356a27bed24c11aeb467f8185e - registration status: 204
2023-08-29T22:57:21.677-05:00 DEBUG 60102 --- [restartedMain] tor$SharedEntityManagerInvocationHandler : Creating new EntityManager for shared EntityManager invocation
2023-08-29T22:57:21.725-05:00 DEBUG 60102 --- [restartedMain] tor$SharedEntityManagerInvocationHandler : Creating new EntityManager for shared EntityManager invocation
2023-08-29T22:57:21.784-05:00 DEBUG 60102 --- [restartedMain] tor$SharedEntityManagerInvocationHandler : Creating new EntityManager for shared EntityManager invocation
2023-08-29T22:57:21.859-05:00  INFO 60102 --- [restartedMain] DeferredRepositoryInitializationListener : Spring Data repositories initialized
2023-08-29T22:57:21.880-05:00  INFO 60102 --- [restartedMain] me.sathish.Application                   : Started Application in 7.881 seconds (process running for 8.569)
2023-08-29T22:57:21.888-05:00  INFO 60102 --- [restartedMain] me.sathish.config.Initializer            : Running Initializer.....
2023-08-29T23:02:21.189-05:00  INFO 60102 --- [AsyncResolver-bootstrap-executor-0] c.n.d.s.r.aws.ConfigClusterResolver      : Resolving eureka endpoints via configuration
2023-08-29T23:07:21.217-05:00  INFO 60102 --- [AsyncResolver-bootstrap-executor-0] c.n.d.s.r.aws.ConfigClusterResolver      : Resolving eureka endpoints via configuration
2023-08-29T23:12:21.297-05:00  INFO 60102 --- [AsyncResolver-bootstrap-executor-0] c.n.d.s.r.aws.ConfigClusterResolver      : Resolving eureka endpoints via configuration
